0 info it worked if it ends with ok
1 verbose cli [ '/usr/bin/node', '/usr/bin/npm', 'install', '-g', 'protractor' ]
2 info using npm@1.4.28
3 info using node@v0.10.37
4 verbose node symlink /usr/bin/node
5 verbose cache add [ 'protractor', null ]
6 verbose cache add name=undefined spec="protractor" args=["protractor",null]
7 verbose parsed url { protocol: null,
7 verbose parsed url   slashes: null,
7 verbose parsed url   auth: null,
7 verbose parsed url   host: null,
7 verbose parsed url   port: null,
7 verbose parsed url   hostname: null,
7 verbose parsed url   hash: null,
7 verbose parsed url   search: null,
7 verbose parsed url   query: null,
7 verbose parsed url   pathname: 'protractor',
7 verbose parsed url   path: 'protractor',
7 verbose parsed url   href: 'protractor' }
8 silly lockFile 4f4f4858-protractor protractor
9 verbose lock protractor /home/vagrant/.npm/4f4f4858-protractor.lock
10 silly lockFile 4f4f4858-protractor protractor
11 silly lockFile 4f4f4858-protractor protractor
12 verbose addNamed [ 'protractor', '' ]
13 verbose addNamed [ null, '*' ]
14 silly lockFile 80d5ca5a-protractor protractor@
15 verbose lock protractor@ /home/vagrant/.npm/80d5ca5a-protractor.lock
16 silly addNameRange { name: 'protractor', range: '*', hasData: false }
17 verbose request where is /protractor
18 verbose request registry https://registry.npmjs.org/
19 verbose request id 38539195533511d6
20 verbose url raw /protractor
21 verbose url resolving [ 'https://registry.npmjs.org/', './protractor' ]
22 verbose url resolved https://registry.npmjs.org/protractor
23 verbose request where is https://registry.npmjs.org/protractor
24 info trying registry request attempt 1 at 01:36:09
25 verbose etag "EEM5LI51UUO7DZTYA78L75ZFT"
26 http GET https://registry.npmjs.org/protractor
27 http 200 https://registry.npmjs.org/protractor
28 silly registry.get cb [ 200,
28 silly registry.get   { server: 'CouchDB/1.5.0 (Erlang OTP/R16B03)',
28 silly registry.get     etag: '"6C9QUO2H7AM91BGSEKHN7MBFI"',
28 silly registry.get     'content-type': 'application/json',
28 silly registry.get     'cache-control': 'max-age=60',
28 silly registry.get     'content-length': '98919',
28 silly registry.get     'accept-ranges': 'bytes',
28 silly registry.get     date: 'Wed, 18 Nov 2015 01:36:11 GMT',
28 silly registry.get     via: '1.1 varnish',
28 silly registry.get     age: '5',
28 silly registry.get     connection: 'keep-alive',
28 silly registry.get     'x-served-by': 'cache-jfk1025-JFK',
28 silly registry.get     'x-cache': 'HIT',
28 silly registry.get     'x-cache-hits': '1',
28 silly registry.get     'x-timer': 'S1447810571.002940,VS0,VE25',
28 silly registry.get     vary: 'Accept' } ]
29 silly addNameRange number 2 { name: 'protractor', range: '*', hasData: true }
30 silly addNameRange versions [ 'protractor',
30 silly addNameRange   [ '0.1.0',
30 silly addNameRange     '0.1.1',
30 silly addNameRange     '0.1.2',
30 silly addNameRange     '0.1.3',
30 silly addNameRange     '0.2.0',
30 silly addNameRange     '0.2.1',
30 silly addNameRange     '0.3.0',
30 silly addNameRange     '0.4.0',
30 silly addNameRange     '0.4.1',
30 silly addNameRange     '0.5.0',
30 silly addNameRange     '0.6.1',
30 silly addNameRange     '0.7.0',
30 silly addNameRange     '0.8.0',
30 silly addNameRange     '0.9.0',
30 silly addNameRange     '0.10.0',
30 silly addNameRange     '0.11.0',
30 silly addNameRange     '0.12.0',
30 silly addNameRange     '0.12.1',
30 silly addNameRange     '0.13.0',
30 silly addNameRange     '0.14.0',
30 silly addNameRange     '0.15.0',
30 silly addNameRange     '0.16.0',
30 silly addNameRange     '0.16.1',
30 silly addNameRange     '0.17.0',
30 silly addNameRange     '0.18.0',
30 silly addNameRange     '0.18.1',
30 silly addNameRange     '0.19.0',
30 silly addNameRange     '0.20.0',
30 silly addNameRange     '0.20.1',
30 silly addNameRange     '0.21.0',
30 silly addNameRange     '0.22.0',
30 silly addNameRange     '0.23.0',
30 silly addNameRange     '0.23.1',
30 silly addNameRange     '0.24.0',
30 silly addNameRange     '0.24.1',
30 silly addNameRange     '0.24.2',
30 silly addNameRange     '1.0.0-rc1',
30 silly addNameRange     '1.0.0-rc2',
30 silly addNameRange     '1.0.0-rc3',
30 silly addNameRange     '1.0.0-rc4',
30 silly addNameRange     '1.0.0-rc5',
30 silly addNameRange     '1.0.0-rc6',
30 silly addNameRange     '1.0.0',
30 silly addNameRange     '1.1.0',
30 silly addNameRange     '1.1.1',
30 silly addNameRange     '1.2.0-beta1',
30 silly addNameRange     '1.2.0',
30 silly addNameRange     '1.3.0',
30 silly addNameRange     '1.3.1',
30 silly addNameRange     '1.4.0',
30 silly addNameRange     '1.5.0',
30 silly addNameRange     '1.6.0',
30 silly addNameRange     '1.6.1',
30 silly addNameRange     '1.7.0',
30 silly addNameRange     '1.8.0',
30 silly addNameRange     '2.0.0',
30 silly addNameRange     '2.1.0',
30 silly addNameRange     '2.2.0',
30 silly addNameRange     '2.3.0',
30 silly addNameRange     '2.4.0',
30 silly addNameRange     '2.5.0',
30 silly addNameRange     '2.5.1',
30 silly addNameRange     '3.0.0' ] ]
31 verbose addNamed [ 'protractor', '3.0.0' ]
32 verbose addNamed [ '3.0.0', '3.0.0' ]
33 silly lockFile 084297db-protractor-3-0-0 protractor@3.0.0
34 verbose lock protractor@3.0.0 /home/vagrant/.npm/084297db-protractor-3-0-0.lock
35 silly lockFile 25310c05--protractor-protractor-3-0-0-tgz https://registry.npmjs.org/protractor/-/protractor-3.0.0.tgz
36 verbose lock https://registry.npmjs.org/protractor/-/protractor-3.0.0.tgz /home/vagrant/.npm/25310c05--protractor-protractor-3-0-0-tgz.lock
37 verbose addRemoteTarball [ 'https://registry.npmjs.org/protractor/-/protractor-3.0.0.tgz',
37 verbose addRemoteTarball   'ac76778770f629bab2afa56a6aac9c59ca6d259d' ]
38 info retry fetch attempt 1 at 01:36:12
39 verbose fetch to= /tmp/npm-2198-t7qDwpi_/registry.npmjs.org/protractor/-/protractor-3.0.0.tgz
40 http GET https://registry.npmjs.org/protractor/-/protractor-3.0.0.tgz
41 http 200 https://registry.npmjs.org/protractor/-/protractor-3.0.0.tgz
42 silly lockFile 25310c05--protractor-protractor-3-0-0-tgz https://registry.npmjs.org/protractor/-/protractor-3.0.0.tgz
43 silly lockFile 25310c05--protractor-protractor-3-0-0-tgz https://registry.npmjs.org/protractor/-/protractor-3.0.0.tgz
44 silly lockFile 084297db-protractor-3-0-0 protractor@3.0.0
45 silly lockFile 084297db-protractor-3-0-0 protractor@3.0.0
46 silly lockFile 80d5ca5a-protractor protractor@
47 silly lockFile 80d5ca5a-protractor protractor@
48 error Error: EACCES, mkdir '/home/vagrant/.npm/protractor/3.0.0'
48 error  { [Error: EACCES, mkdir '/home/vagrant/.npm/protractor/3.0.0']
48 error   errno: 3,
48 error   code: 'EACCES',
48 error   path: '/home/vagrant/.npm/protractor/3.0.0' }
49 error Please try running this command again as root/Administrator.
50 error System Linux 3.13.0-24-generic
51 error command "/usr/bin/node" "/usr/bin/npm" "install" "-g" "protractor"
52 error cwd /home/vagrant/code/jogapp
53 error node -v v0.10.37
54 error npm -v 1.4.28
55 error path /home/vagrant/.npm/protractor/3.0.0
56 error code EACCES
57 error errno 3
58 error stack Error: EACCES, mkdir '/home/vagrant/.npm/protractor/3.0.0'
59 verbose exit [ 3, true ]
